<?xml version="1.0" encoding="UTF-8"?>
<testsuite name="com.qa.trello.tests.BoardCreationTests" tests="1" skipped="0" failures="0" errors="0" timestamp="2020-04-27T17:58:47" hostname="Lena-Toshiba" time="4.131">
  <properties/>
  <testcase name="testBoardCreation" classname="com.qa.trello.tests.BoardCreationTests" time="4.131"/>
  <system-out><![CDATA[]]></system-out>
  <system-err><![CDATA[[1588010310.248][SEVERE]: Timed out receiving message from renderer: 0.100
[1588010310.350][SEVERE]: Timed out receiving message from renderer: 0.100
[1588010310.454][SEVERE]: Timed out receiving message from renderer: 0.100
[1588010310.623][SEVERE]: Timed out receiving message from renderer: 0.100
[1588010310.724][SEVERE]: Timed out receiving message from renderer: 0.100
[1588010310.831][SEVERE]: Timed out receiving message from renderer: 0.100
]]></system-err>
</testsuite>
