<?xml version="1.0" encoding="UTF-8"?>
<testsuite name="com.qa.trello.tests.BoardCreationTestsMy" tests="3" skipped="0" failures="0" errors="0" timestamp="2020-05-04T15:25:46" hostname="Lena-Toshiba" time="24.786">
  <properties/>
  <testcase name="testBoardCreation[0](Board{name='a', team='No team', color='green'})" classname="com.qa.trello.tests.BoardCreationTestsMy" time="7.362"/>
  <testcase name="testBoardCreation[1](Board{name='Far far away behind the word mountains.', team='No team', color='orange'})" classname="com.qa.trello.tests.BoardCreationTestsMy" time="7.319"/>
  <testcase name="testBoardCreation[2](Board{name='1', team='No team', color='blue'})" classname="com.qa.trello.tests.BoardCreationTestsMy" time="4.006"/>
  <system-out><![CDATA[18:25:28.933 [Test worker] INFO  com.qa.trello.tests.TestBase - Start test testBoardCreation with parameters: [Board{name='a', team='No team', color='green'}]
18:25:53.701 [Test worker] INFO  com.qa.trello.tests.TestBase - Stop test testBoardCreation
18:25:53.702 [Test worker] INFO  com.qa.trello.tests.TestBase - Start test testBoardCreation with parameters: [Board{name='Far far away behind the word mountains.', team='No team', color='orange'}]
18:26:04.041 [Test worker] INFO  com.qa.trello.tests.TestBase - Stop test testBoardCreation
18:26:04.042 [Test worker] INFO  com.qa.trello.tests.TestBase - Start test testBoardCreation with parameters: [Board{name='1', team='No team', color='blue'}]
18:26:11.120 [Test worker] INFO  com.qa.trello.tests.TestBase - Stop test testBoardCreation
]]></system-out>
  <system-err><![CDATA[[1588605934.967][SEVERE]: Timed out receiving message from renderer: 0.100
[1588605935.069][SEVERE]: Timed out receiving message from renderer: 0.100
[1588605935.193][SEVERE]: Timed out receiving message from renderer: 0.100
[1588605935.294][SEVERE]: Timed out receiving message from renderer: 0.100
[1588605935.399][SEVERE]: Timed out receiving message from renderer: 0.100
[1588605935.501][SEVERE]: Timed out receiving message from renderer: 0.100
[1588605935.789][SEVERE]: Timed out receiving message from renderer: 0.100
[1588605935.911][SEVERE]: Timed out receiving message from renderer: 0.100
[1588605936.077][SEVERE]: Timed out receiving message from renderer: 0.100
[1588605938.106][SEVERE]: Timed out receiving message from renderer: 0.100
]]></system-err>
</testsuite>
