<?xml version="1.0" encoding="UTF-8"?>
<testsuite name="com.qa.trello.tests.TeamCreationTests" tests="1" skipped="0" failures="0" errors="0" timestamp="2020-04-24T07:03:23" hostname="Lena-Toshiba" time="18.303">
  <properties/>
  <testcase name="testTeamCreation" classname="com.qa.trello.tests.TeamCreationTests" time="18.303"/>
  <system-out><![CDATA[]]></system-out>
  <system-err><![CDATA[]]></system-err>
</testsuite>
