<?xml version="1.0" encoding="UTF-8"?>
<testsuite name="com.qa.trello.tests.BoardDeletionTests" tests="1" skipped="0" failures="0" errors="0" timestamp="2020-04-30T17:46:14" hostname="Lena-Toshiba" time="6.454">
  <properties/>
  <testcase name="testBoardDeletion" classname="com.qa.trello.tests.BoardDeletionTests" time="6.454"/>
  <system-out><![CDATA[20:45:59.567 [Test worker] INFO  com.qa.trello.tests.TestBase - Start test testBoardDeletionwith parameters: []
was: 32 now: 31
20:46:21.380 [Test worker] INFO  com.qa.trello.tests.TestBase - Stop test testBoardDeletion
]]></system-out>
  <system-err><![CDATA[[1588268759.689][SEVERE]: Timed out receiving message from renderer: 0.100
[1588268759.790][SEVERE]: Timed out receiving message from renderer: 0.100
[1588268759.958][SEVERE]: Timed out receiving message from renderer: 0.100
[1588268760.158][SEVERE]: Timed out receiving message from renderer: 0.100
]]></system-err>
</testsuite>
