<?xml version="1.0" encoding="UTF-8"?>
<testsuite name="com.qa.trello.tests.TeamModificationTests" tests="1" skipped="0" failures="0" errors="0" timestamp="2020-04-23T18:04:26" hostname="Lena-Toshiba" time="0.0">
  <properties/>
  <testcase name="TestTeammodification" classname="com.qa.trello.tests.TeamModificationTests" time="0.0"/>
  <system-out><![CDATA[]]></system-out>
  <system-err><![CDATA[]]></system-err>
</testsuite>
